2021-02-01 20:22:49.308  INFO 7984 --- [restartedMain] c.b.v.r.RostelekomTestTaskApplication    : Starting RostelekomTestTaskApplication using Java 15.0.1 on DESKTOP-L4LC517 with PID 7984 (C:\Users\Samhain666\IdeaProjects\rostelekom-test-task\target\classes started by Samhain666 in C:\Users\Samhain666\IdeaProjects\rostelekom-test-task)
2021-02-01 20:22:49.311  INFO 7984 --- [restartedMain] c.b.v.r.RostelekomTestTaskApplication    : No active profile set, falling back to default profiles: default
2021-02-01 20:22:49.367  INFO 7984 --- [restartedMain] .e.DevToolsPropertyDefaultsPostProcessor : Devtools property defaults active! Set 'spring.devtools.add-properties' to 'false' to disable
2021-02-01 20:22:49.367  INFO 7984 --- [restartedMain] .e.DevToolsPropertyDefaultsPostProcessor : For additional web related logging consider setting the 'logging.level.web' property to 'DEBUG'
2021-02-01 20:22:50.138  INFO 7984 --- [restartedMain] .s.d.r.c.RepositoryConfigurationDelegate : Bootstrapping Spring Data JPA repositories in DEFAULT mode.
2021-02-01 20:22:50.197  INFO 7984 --- [restartedMain] .s.d.r.c.RepositoryConfigurationDelegate : Finished Spring Data repository scanning in 51 ms. Found 1 JPA repository interfaces.
2021-02-01 20:22:50.733  INFO 7984 --- [restartedMain] o.s.b.w.embedded.tomcat.TomcatWebServer  : Tomcat initialized with port(s): 8780 (http)
2021-02-01 20:22:50.742  INFO 7984 --- [restartedMain] o.apache.catalina.core.StandardService   : Starting service [Tomcat]
2021-02-01 20:22:50.743  INFO 7984 --- [restartedMain] org.apache.catalina.core.StandardEngine  : Starting Servlet engine: [Apache Tomcat/9.0.41]
2021-02-01 20:22:50.848  INFO 7984 --- [restartedMain] o.a.c.c.C.[Tomcat].[localhost].[/]       : Initializing Spring embedded WebApplicationContext
2021-02-01 20:22:50.848  INFO 7984 --- [restartedMain] w.s.c.ServletWebServerApplicationContext : Root WebApplicationContext: initialization completed in 1480 ms
2021-02-01 20:22:50.893  INFO 7984 --- [restartedMain] com.zaxxer.hikari.HikariDataSource       : HikariPool-1 - Starting...
2021-02-01 20:22:50.987  INFO 7984 --- [restartedMain] com.zaxxer.hikari.HikariDataSource       : HikariPool-1 - Start completed.
2021-02-01 20:22:51.014  INFO 7984 --- [restartedMain] o.s.b.a.h2.H2ConsoleAutoConfiguration    : H2 console available at '/h2-console'. Database available at 'jdbc:h2:mem:testdb'
2021-02-01 20:22:51.078  INFO 7984 --- [restartedMain] o.s.b.d.a.OptionalLiveReloadServer       : LiveReload server is running on port 35729
2021-02-01 20:22:51.161  INFO 7984 --- [restartedMain] o.hibernate.jpa.internal.util.LogHelper  : HHH000204: Processing PersistenceUnitInfo [name: default]
2021-02-01 20:22:51.198  INFO 7984 --- [restartedMain] org.hibernate.Version                    : HHH000412: Hibernate ORM core version 5.4.27.Final
2021-02-01 20:22:51.297  INFO 7984 --- [restartedMain] o.hibernate.annotations.common.Version   : HCANN000001: Hibernate Commons Annotations {5.1.2.Final}
2021-02-01 20:22:51.385  INFO 7984 --- [restartedMain] org.hibernate.dialect.Dialect            : HHH000400: Using dialect: org.hibernate.dialect.H2Dialect
2021-02-01 20:22:51.893  INFO 7984 --- [restartedMain] o.h.e.t.j.p.i.JtaPlatformInitiator       : HHH000490: Using JtaPlatform implementation: [org.hibernate.engine.transaction.jta.platform.internal.NoJtaPlatform]
2021-02-01 20:22:51.901  INFO 7984 --- [restartedMain] j.LocalContainerEntityManagerFactoryBean : Initialized JPA EntityManagerFactory for persistence unit 'default'
2021-02-01 20:22:52.269  WARN 7984 --- [restartedMain] JpaBaseConfiguration$JpaWebConfiguration : spring.jpa.open-in-view is enabled by default. Therefore, database queries may be performed during view rendering. Explicitly configure spring.jpa.open-in-view to disable this warning
2021-02-01 20:22:52.325  INFO 7984 --- [restartedMain] o.s.s.concurrent.ThreadPoolTaskExecutor  : Initializing ExecutorService 'applicationTaskExecutor'
2021-02-01 20:22:52.966  INFO 7984 --- [restartedMain] o.s.b.w.embedded.tomcat.TomcatWebServer  : Tomcat started on port(s): 8780 (http) with context path ''
2021-02-01 20:22:52.977  INFO 7984 --- [restartedMain] c.b.v.r.RostelekomTestTaskApplication    : Started RostelekomTestTaskApplication in 4.144 seconds (JVM running for 4.911)
